Project_phase2/phase2_feature/app_src/app/build/intermediates/manifest_merge_blame_file/debug/manifest-merger-blame-debug-report.txt
1<?xml version="1.0" encoding="utf-8"?>
2<manifest xmlns:android="http://schemas.android.com/apk/res/android"
3    package="com.example.cscb07_app"
4    android:versionCode="1"
5    android:versionName="1.0" >
6
7    <uses-sdk
8        android:minSdkVersion="25"
8-->src/main/AndroidManifest.xml
9        android:targetSdkVersion="29" />
9-->src/main/AndroidManifest.xml
10
11    <application
11-->src/main/AndroidManifest.xml:5:5-32:19
12        android:allowBackup="true"
12-->src/main/AndroidManifest.xml:6:9-35
13        android:appComponentFactory="androidx.core.app.CoreComponentFactory"
13-->[androidx.core:core:1.0.1] AndroidManifest.xml:22:18-86
14        android:debuggable="true"
15        android:icon="@mipmap/ic_launcher"
15-->src/main/AndroidManifest.xml:7:9-43
16        android:label="@string/app_name"
16-->src/main/AndroidManifest.xml:8:9-41
17        android:roundIcon="@mipmap/ic_launcher_round"
17-->src/main/AndroidManifest.xml:9:9-54
18        android:supportsRtl="true"
18-->src/main/AndroidManifest.xml:10:9-35
19        android:theme="@style/AppTheme" >
19-->src/main/AndroidManifest.xml:11:9-40
20        <activity android:name="com.example.cscb07_app.employee" />
20-->src/main/AndroidManifest.xml:12:9-55
20-->src/main/AndroidManifest.xml:12:19-43
21        <activity android:name="com.example.cscb07_app.Login" />
21-->src/main/AndroidManifest.xml:13:9-43
21-->src/main/AndroidManifest.xml:13:19-40
22        <activity
22-->src/main/AndroidManifest.xml:14:9-16:60
23            android:name="com.example.cscb07_app.ui.login.Login"
23-->src/main/AndroidManifest.xml:15:13-43
24            android:label="@string/title_activity_login" />
24-->src/main/AndroidManifest.xml:16:13-57
25        <activity
25-->src/main/AndroidManifest.xml:17:9-19:65
26            android:name="com.example.cscb07_app.ui.login.testLogin"
26-->src/main/AndroidManifest.xml:18:13-47
27            android:label="@string/title_activity_test_login" />
27-->src/main/AndroidManifest.xml:19:13-62
28        <activity
28-->src/main/AndroidManifest.xml:20:9-23:59
29            android:name="com.example.cscb07_app.test"
29-->src/main/AndroidManifest.xml:21:13-33
30            android:label="@string/title_activity_test"
30-->src/main/AndroidManifest.xml:22:13-56
31            android:theme="@style/AppTheme.NoActionBar" />
31-->src/main/AndroidManifest.xml:23:13-56
32        <activity android:name="com.example.cscb07_app.admin" />
32-->src/main/AndroidManifest.xml:24:9-43
32-->src/main/AndroidManifest.xml:24:19-40
33        <activity android:name="com.example.cscb07_app.MainActivity" >
33-->src/main/AndroidManifest.xml:25:9-31:20
33-->src/main/AndroidManifest.xml:25:19-47
34            <intent-filter>
34-->src/main/AndroidManifest.xml:26:13-30:29
35                <action android:name="android.intent.action.MAIN" />
35-->src/main/AndroidManifest.xml:27:17-69
35-->src/main/AndroidManifest.xml:27:25-66
36
37                <category android:name="android.intent.category.LAUNCHER" />
37-->src/main/AndroidManifest.xml:29:17-77
37-->src/main/AndroidManifest.xml:29:27-74
38            </intent-filter>
39        </activity>
40
41        <provider
41-->[androidx.lifecycle:lifecycle-process:2.0.0] AndroidManifest.xml:23:9-27:43
42            android:name="androidx.lifecycle.ProcessLifecycleOwnerInitializer"
42-->[androidx.lifecycle:lifecycle-process:2.0.0] AndroidManifest.xml:24:13-79
43            android:authorities="com.example.cscb07_app.lifecycle-process"
43-->[androidx.lifecycle:lifecycle-process:2.0.0] AndroidManifest.xml:25:13-69
44            android:exported="false"
44-->[androidx.lifecycle:lifecycle-process:2.0.0] AndroidManifest.xml:26:13-37
45            android:multiprocess="true" />
45-->[androidx.lifecycle:lifecycle-process:2.0.0] AndroidManifest.xml:27:13-40
46    </application>
47
48</manifest>